<?xml version="1.0" encoding="UTF-8"?>
<!-- Generated by org.testng.reporters.JUnitReportReporter -->
<testsuite hostname="dpk-PC" name="Com.Wallethub.Tests.WallethubWriteReviewTest" tests="1" failures="0" timestamp="25 Apr 2020 14:01:14 GMT" time="5.792" errors="0">
  <testcase name="wallethubWriteReview_ID002" time="5.792" classname="Com.Wallethub.Tests.WallethubWriteReviewTest"/>
</testsuite>
