<?xml version="1.0" encoding="UTF-8"?>
<!-- Generated by org.testng.reporters.JUnitReportReporter -->
<testsuite hostname="dpk-PC" name="Com.Tests.FacebookStatusMessageTests" tests="1" failures="0" timestamp="25 Apr 2020 08:46:05 GMT" time="21.958" errors="0">
  <testcase name="facebookStatusMessage_ID001" time="21.958" classname="Com.Tests.FacebookStatusMessageTests"/>
</testsuite>
