<?xml version="1.0" encoding="UTF-8"?>
<!-- Generated by org.testng.reporters.JUnitReportReporter -->
<testsuite skipped="0" hostname="DESKTOP-A0E5A8F" name="Tests.testDragandDrop" tests="1" failures="0" timestamp="2020-04-27T23:10:54 PDT" time="13.270" errors="0">
  <testcase name="getdraganddrop" time="13.270" classname="Tests.testDragandDrop"/>
</testsuite> <!-- Tests.testDragandDrop -->
