<?xml version="1.0" encoding="UTF-8"?>
<!-- Generated by org.testng.reporters.JUnitReportReporter -->
<testsuite skipped="0" hostname="DESKTOP-A0E5A8F" name="Tests.TestbrokenImage" tests="1" failures="0" timestamp="2020-04-27T10:14:57 PDT" time="1.715" errors="0">
  <testcase name="testdata" time="1.715" classname="Tests.TestbrokenImage"/>
</testsuite> <!-- Tests.TestbrokenImage -->
