<?xml version="1.0" encoding="UTF-8"?>
<!-- Generated by org.testng.reporters.JUnitReportReporter -->
<testsuite skipped="0" hostname="DESKTOP-A0E5A8F" name="Tests.TestDisapperingElement" tests="1" failures="0" timestamp="2020-04-27T18:34:15 PDT" time="5.076" errors="0">
  <testcase name="clickonTestDisappearingElement" time="5.076" classname="Tests.TestDisapperingElement"/>
</testsuite> <!-- Tests.TestDisapperingElement -->
