<?xml version="1.0" encoding="UTF-8"?>
<!-- Generated by org.testng.reporters.JUnitReportReporter -->
<testsuite skipped="0" hostname="DESKTOP-A0E5A8F" name="Tests.TestbrokenImage" tests="1" failures="0" timestamp="2020-04-23T09:29:29 PDT" time="1.010" errors="0">
  <testcase name="testdata" time="1.010" classname="Tests.TestbrokenImage"/>
</testsuite> <!-- Tests.TestbrokenImage -->
