<?xml version="1.0" encoding="UTF-8"?>
<!-- Generated by org.testng.reporters.JUnitReportReporter -->
<testsuite skipped="0" hostname="dpk-PC" name="Tests.testDigestAuthentication" tests="1" failures="0" timestamp="10 May 2020 11:18:04 GMT" time="2.259" errors="0">
  <testcase name="getdigestAuthenticationdata" time="2.259" classname="Tests.testDigestAuthentication"/>
</testsuite> <!-- Tests.testDigestAuthentication -->
