<?xml version="1.0" encoding="UTF-8"?>
<!-- Generated by org.testng.reporters.JUnitReportReporter -->
<testsuite skipped="0" hostname="DESKTOP-A0E5A8F" name="Tests.basicAuth" tests="1" failures="0" timestamp="2020-04-24T09:37:52 PDT" time="1.394" errors="0">
  <testcase name="getbasicAuth" time="1.394" classname="Tests.basicAuth"/>
</testsuite> <!-- Tests.basicAuth -->
