<?xml version="1.0" encoding="UTF-8"?>
<!-- Generated by org.testng.reporters.JUnitReportReporter -->
<testsuite skipped="0" hostname="DESKTOP-A0E5A8F" name="Tests.TestAddandRemove" tests="1" failures="0" timestamp="2020-04-24T08:58:28 PDT" time="0.951" errors="0">
  <testcase name="testdata" time="0.951" classname="Tests.TestAddandRemove"/>
</testsuite> <!-- Tests.TestAddandRemove -->
