<?xml version="1.0" encoding="UTF-8"?>
<!-- Generated by org.testng.reporters.JUnitReportReporter -->
<testsuite skipped="0" hostname="dpk-PC" name="Tests.testmultiplecheckbox" tests="1" failures="0" timestamp="10 May 2020 11:35:58 GMT" time="182.416" errors="0">
  <testcase name="getcheckboxdata" time="182.416" classname="Tests.testmultiplecheckbox"/>
</testsuite> <!-- Tests.testmultiplecheckbox -->
