<?xml version="1.0" encoding="UTF-8"?>
<!-- Generated by org.testng.reporters.JUnitReportReporter -->
<testsuite skipped="0" hostname="dpk-PC" name="Tests.TestdropDown" tests="1" failures="0" timestamp="10 May 2020 10:47:18 GMT" time="5.394" errors="0">
  <testcase name="getdata" time="5.394" classname="Tests.TestdropDown"/>
</testsuite> <!-- Tests.TestdropDown -->
