<?xml version="1.0" encoding="UTF-8"?>
<!-- Generated by org.testng.reporters.JUnitReportReporter -->
<testsuite skipped="0" hostname="DESKTOP-A0E5A8F" name="Tests.TestdropDown" tests="1" failures="0" timestamp="2020-04-28T00:11:27 PDT" time="0.541" errors="0">
  <testcase name="getdata" time="0.541" classname="Tests.TestdropDown"/>
</testsuite> <!-- Tests.TestdropDown -->
